ERROR 2026-03-22T01:47:17.285+00:00 ThreadId(18) [1P:op-settings/src/store/json_store.rs:82] Os { code: 2, kind: NotFound, message: "No such file or directory" }
INFO  2026-03-22T01:47:17.308+00:00 ThreadId(18) [1P:op-settings/src/store/json_store.rs:118] Settings file "/home/<redacted-username>/.config/1Password/settings/settings.json" missing, using defaults.
INFO  2026-03-22T01:47:17.318+00:00 ThreadId(18) [client:typescript] Client starting.
ERROR 2026-03-22T01:47:19.583+00:00 ThreadId(18) [1P:op-crash-reporting/src/crash_report.rs:156] Failed to load crash reports from disk: Os { code: 2, kind: NotFound, message: "No such file or directory" }
INFO  2026-03-22T01:47:19.585+00:00 ThreadId(18) [1P:op-localization/src/lib.rs:240] system locale detected as 'en-US'
INFO  2026-03-22T01:47:19.585+00:00 ThreadId(18) [1P:op-localization/src/lib.rs:266] selected translations for EN_US based on detected locale en-US
INFO  2026-03-22T01:47:19.585+00:00 ThreadId(18) [status:app/op-app/src/app.rs:1074] App::new(1Password for Linux/81206039 (EN_US), /home/<redacted-username>/.config/1Password)
INFO  2026-03-22T01:47:19.588+00:00 1p-enable-crash-reporter(ThreadId(21)) [1P:op-b5-client/src/b5_client/features/mod.rs:384] Using feature-rollout-service for pre-registration features.
WARN  2026-03-22T01:47:19.588+00:00 1p-enable-crash-reporter(ThreadId(21)) [1P:op-b5-client/src/b5_client/features/mod.rs:443] Device UUID missing; setting headers to omit device UUID for pre-reg features request to service.
INFO  2026-03-22T01:47:19.688+00:00 ThreadId(18) [1P:data/op-db/src/sqlite.rs:265] Core DB Integrity Check Succeeded
INFO  2026-03-22T01:47:19.689+00:00 ThreadId(18) [1P:data/op-db/src/sqlite.rs:359] Starting Core DB at version: 0
INFO  2026-03-22T01:47:19.711+00:00 ThreadId(18) [1P:data/op-db/src/sqlite.rs:376] Updated Core DB Schema to version 1
INFO  2026-03-22T01:47:19.730+00:00 ThreadId(18) [1P:data/op-db/src/sqlite.rs:376] Updated Core DB Schema to version 2
INFO  2026-03-22T01:47:19.751+00:00 ThreadId(18) [1P:data/op-db/src/sqlite.rs:376] Updated Core DB Schema to version 3
INFO  2026-03-22T01:47:19.768+00:00 ThreadId(18) [1P:data/op-db/src/sqlite.rs:376] Updated Core DB Schema to version 4
INFO  2026-03-22T01:47:19.783+00:00 ThreadId(18) [1P:data/op-db/src/sqlite.rs:376] Updated Core DB Schema to version 5
INFO  2026-03-22T01:47:19.802+00:00 ThreadId(18) [1P:data/op-db/src/sqlite.rs:376] Updated Core DB Schema to version 6
INFO  2026-03-22T01:47:19.818+00:00 ThreadId(18) [1P:data/op-db/src/sqlite.rs:376] Updated Core DB Schema to version 7
INFO  2026-03-22T01:47:19.826+00:00 1p-enable-crash-reporter(ThreadId(21)) [1P:op-crash-reporting/src/crash_handler.rs:276] Started crash handler thread
INFO  2026-03-22T01:47:19.845+00:00 ThreadId(18) [1P:data/op-db/src/sqlite.rs:376] Updated Core DB Schema to version 8
INFO  2026-03-22T01:47:19.858+00:00 ThreadId(18) [1P:data/op-db/src/sqlite.rs:376] Updated Core DB Schema to version 9
INFO  2026-03-22T01:47:19.876+00:00 ThreadId(18) [1P:data/op-db/src/sqlite.rs:376] Updated Core DB Schema to version 10
INFO  2026-03-22T01:47:19.891+00:00 ThreadId(18) [1P:data/op-db/src/sqlite.rs:376] Updated Core DB Schema to version 11
INFO  2026-03-22T01:47:19.905+00:00 ThreadId(18) [1P:data/op-db/src/sqlite.rs:376] Updated Core DB Schema to version 12
INFO  2026-03-22T01:47:19.920+00:00 ThreadId(18) [1P:data/op-db/src/sqlite.rs:376] Updated Core DB Schema to version 13
INFO  2026-03-22T01:47:19.936+00:00 ThreadId(18) [1P:data/op-db/src/sqlite.rs:376] Updated Core DB Schema to version 14
INFO  2026-03-22T01:47:19.951+00:00 ThreadId(18) [1P:data/op-db/src/sqlite.rs:376] Updated Core DB Schema to version 15
INFO  2026-03-22T01:47:19.970+00:00 ThreadId(18) [1P:data/op-db/src/sqlite.rs:376] Updated Core DB Schema to version 16
INFO  2026-03-22T01:47:19.986+00:00 ThreadId(18) [1P:data/op-db/src/sqlite.rs:376] Updated Core DB Schema to version 17
INFO  2026-03-22T01:47:20.007+00:00 ThreadId(18) [1P:data/op-db/src/sqlite.rs:376] Updated Core DB Schema to version 18
INFO  2026-03-22T01:47:20.025+00:00 ThreadId(18) [1P:data/op-db/src/sqlite.rs:376] Updated Core DB Schema to version 19
INFO  2026-03-22T01:47:20.045+00:00 ThreadId(18) [1P:data/op-db/src/sqlite.rs:376] Updated Core DB Schema to version 20
INFO  2026-03-22T01:47:20.064+00:00 ThreadId(18) [1P:data/op-db/src/sqlite.rs:376] Updated Core DB Schema to version 21
INFO  2026-03-22T01:47:20.082+00:00 ThreadId(18) [1P:data/op-db/src/sqlite.rs:376] Updated Core DB Schema to version 22
INFO  2026-03-22T01:47:20.099+00:00 ThreadId(18) [1P:data/op-db/src/sqlite.rs:376] Updated Core DB Schema to version 23
INFO  2026-03-22T01:47:20.114+00:00 ThreadId(18) [1P:data/op-db/src/sqlite.rs:376] Updated Core DB Schema to version 24
INFO  2026-03-22T01:47:20.132+00:00 ThreadId(18) [1P:data/op-db/src/sqlite.rs:376] Updated Core DB Schema to version 25
INFO  2026-03-22T01:47:20.146+00:00 ThreadId(18) [1P:data/op-db/src/sqlite.rs:376] Updated Core DB Schema to version 26
INFO  2026-03-22T01:47:20.197+00:00 ThreadId(18) [1P:data/op-db/src/sqlite.rs:376] Updated Core DB Schema to version 27
INFO  2026-03-22T01:47:20.217+00:00 ThreadId(18) [1P:data/op-db/src/sqlite.rs:376] Updated Core DB Schema to version 28
INFO  2026-03-22T01:47:20.237+00:00 ThreadId(18) [1P:data/op-db/src/sqlite.rs:376] Updated Core DB Schema to version 29
INFO  2026-03-22T01:47:20.259+00:00 ThreadId(18) [1P:data/op-db/src/sqlite.rs:376] Updated Core DB Schema to version 30
INFO  2026-03-22T01:47:20.279+00:00 ThreadId(18) [1P:data/op-db/src/sqlite.rs:376] Updated Core DB Schema to version 31
INFO  2026-03-22T01:47:20.301+00:00 ThreadId(18) [1P:data/op-db/src/sqlite.rs:376] Updated Core DB Schema to version 32
INFO  2026-03-22T01:47:20.325+00:00 ThreadId(18) [1P:data/op-db/src/sqlite.rs:376] Updated Core DB Schema to version 33
INFO  2026-03-22T01:47:20.345+00:00 ThreadId(18) [1P:data/op-db/src/sqlite.rs:376] Updated Core DB Schema to version 34
INFO  2026-03-22T01:47:20.362+00:00 ThreadId(18) [1P:data/op-db/src/sqlite.rs:376] Updated Core DB Schema to version 35
INFO  2026-03-22T01:47:20.384+00:00 ThreadId(18) [1P:data/op-db/src/sqlite.rs:376] Updated Core DB Schema to version 36
INFO  2026-03-22T01:47:20.408+00:00 ThreadId(18) [1P:data/op-db/src/sqlite.rs:376] Updated Core DB Schema to version 37
INFO  2026-03-22T01:47:20.428+00:00 ThreadId(18) [1P:data/op-db/src/sqlite.rs:376] Updated Core DB Schema to version 38
INFO  2026-03-22T01:47:20.449+00:00 ThreadId(18) [1P:data/op-db/src/sqlite.rs:376] Updated Core DB Schema to version 39
INFO  2026-03-22T01:47:20.473+00:00 ThreadId(18) [1P:data/op-db/src/sqlite.rs:376] Updated Core DB Schema to version 40
INFO  2026-03-22T01:47:20.494+00:00 ThreadId(18) [1P:data/op-db/src/sqlite.rs:376] Updated Core DB Schema to version 41
INFO  2026-03-22T01:47:20.513+00:00 ThreadId(18) [1P:data/op-db/src/sqlite.rs:376] Updated Core DB Schema to version 42
INFO  2026-03-22T01:47:20.537+00:00 ThreadId(18) [1P:data/op-db/src/sqlite.rs:376] Updated Core DB Schema to version 43
INFO  2026-03-22T01:47:20.564+00:00 ThreadId(18) [1P:data/op-db/src/sqlite.rs:376] Updated Core DB Schema to version 44
INFO  2026-03-22T01:47:20.598+00:00 ThreadId(18) [1P:data/op-db/src/sqlite.rs:376] Updated Core DB Schema to version 45
INFO  2026-03-22T01:47:20.624+00:00 ThreadId(18) [1P:data/op-db/src/sqlite.rs:376] Updated Core DB Schema to version 46
INFO  2026-03-22T01:47:20.639+00:00 ThreadId(18) [1P:data/op-db/src/sqlite.rs:376] Updated Core DB Schema to version 47
INFO  2026-03-22T01:47:20.660+00:00 ThreadId(18) [1P:data/op-db/src/sqlite.rs:376] Updated Core DB Schema to version 48
INFO  2026-03-22T01:47:20.679+00:00 ThreadId(18) [1P:data/op-db/src/sqlite.rs:376] Updated Core DB Schema to version 49
INFO  2026-03-22T01:47:20.705+00:00 ThreadId(18) [1P:data/op-db/src/sqlite.rs:376] Updated Core DB Schema to version 50
INFO  2026-03-22T01:47:20.723+00:00 ThreadId(18) [1P:data/op-db/src/sqlite.rs:376] Updated Core DB Schema to version 51
INFO  2026-03-22T01:47:20.739+00:00 ThreadId(18) [1P:data/op-db/src/sqlite.rs:376] Updated Core DB Schema to version 52
INFO  2026-03-22T01:47:20.760+00:00 ThreadId(18) [1P:data/op-db/src/sqlite.rs:376] Updated Core DB Schema to version 53
INFO  2026-03-22T01:47:20.780+00:00 ThreadId(18) [1P:data/op-db/src/sqlite.rs:376] Updated Core DB Schema to version 54
INFO  2026-03-22T01:47:20.796+00:00 ThreadId(18) [1P:data/op-db/src/sqlite.rs:376] Updated Core DB Schema to version 55
INFO  2026-03-22T01:47:20.811+00:00 ThreadId(18) [1P:data/op-db/src/sqlite.rs:376] Updated Core DB Schema to version 56
INFO  2026-03-22T01:47:20.824+00:00 ThreadId(18) [1P:data/op-db/src/sqlite.rs:376] Updated Core DB Schema to version 57
INFO  2026-03-22T01:47:20.841+00:00 ThreadId(18) [1P:data/op-db/src/sqlite.rs:376] Updated Core DB Schema to version 58
INFO  2026-03-22T01:47:20.853+00:00 ThreadId(18) [1P:data/op-db/src/sqlite.rs:376] Updated Core DB Schema to version 59
INFO  2026-03-22T01:47:20.867+00:00 ThreadId(18) [1P:data/op-db/src/sqlite.rs:376] Updated Core DB Schema to version 60
INFO  2026-03-22T01:47:20.886+00:00 ThreadId(18) [1P:data/op-db/src/sqlite.rs:376] Updated Core DB Schema to version 61
INFO  2026-03-22T01:47:20.891+00:00 ThreadId(18) [1P:data/op-db/src/sqlite.rs:234] Core DB Table Integrity Check Succeeded
INFO  2026-03-22T01:47:20.977+00:00 ThreadId(18) [1P:data/op-db/src/sqlite.rs:265] Resources DB Integrity Check Succeeded
INFO  2026-03-22T01:47:20.977+00:00 ThreadId(18) [1P:data/op-db/src/sqlite.rs:234] Resources DB Table Integrity Check Succeeded
INFO  2026-03-22T01:47:20.977+00:00 ThreadId(18) [1P:data/op-db/src/sqlite.rs:359] Starting Resources DB at version: 0
INFO  2026-03-22T01:47:20.998+00:00 ThreadId(18) [1P:data/op-db/src/sqlite.rs:376] Updated Resources DB Schema to version 1
INFO  2026-03-22T01:47:21.015+00:00 ThreadId(18) [1P:data/op-db/src/sqlite.rs:376] Updated Resources DB Schema to version 2
INFO  2026-03-22T01:47:21.032+00:00 ThreadId(18) [1P:data/op-db/src/sqlite.rs:376] Updated Resources DB Schema to version 3
INFO  2026-03-22T01:47:21.074+00:00 ThreadId(18) [1P:ssh/op-ssh-config/src/lib.rs:380] agent not configured
INFO  2026-03-22T01:47:21.076+00:00 runtime-worker(ThreadId(16)) [1P:op-b5-client/src/b5_client/features/mod.rs:384] Using feature-rollout-service for pre-registration features.
INFO  2026-03-22T01:47:21.079+00:00 ThreadId(18) [1P:native-messaging/op-nm-installer/src/nix_utils.rs:48] Creating manifest directory for Chromium at /home/<redacted-username>/.config/google-chrome/NativeMessagingHosts
INFO  2026-03-22T01:47:21.101+00:00 ThreadId(18) [1P:native-messaging/op-nm-installer/src/nix_utils.rs:68] Created NMH manifest at /home/<redacted-username>/.config/google-chrome/NativeMessagingHosts/com.1password.1password.json
INFO  2026-03-22T01:47:21.102+00:00 ThreadId(18) [1P:native-messaging/op-nm-installer/src/nix_utils.rs:48] Creating manifest directory for Chromium at /home/<redacted-username>/.config/google-chrome-beta/NativeMessagingHosts
INFO  2026-03-22T01:47:21.126+00:00 ThreadId(18) [1P:native-messaging/op-nm-installer/src/nix_utils.rs:68] Created NMH manifest at /home/<redacted-username>/.config/google-chrome-beta/NativeMessagingHosts/com.1password.1password.json
INFO  2026-03-22T01:47:21.133+00:00 ThreadId(18) [1P:native-messaging/op-nm-installer/src/nix_utils.rs:48] Creating manifest directory for Chromium at /home/<redacted-username>/.config/google-chrome-unstable/NativeMessagingHosts
INFO  2026-03-22T01:47:21.153+00:00 ThreadId(18) [1P:native-messaging/op-nm-installer/src/nix_utils.rs:68] Created NMH manifest at /home/<redacted-username>/.config/google-chrome-unstable/NativeMessagingHosts/com.1password.1password.json
INFO  2026-03-22T01:47:21.164+00:00 ThreadId(18) [1P:native-messaging/op-nm-installer/src/nix_utils.rs:68] Created NMH manifest at /home/<redacted-username>/.config/chromium/NativeMessagingHosts/com.1password.1password.json
INFO  2026-03-22T01:47:21.166+00:00 ThreadId(18) [1P:native-messaging/op-nm-installer/src/nix_utils.rs:48] Creating manifest directory for Chromium at /home/<redacted-username>/.config/microsoft-edge-dev/NativeMessagingHosts
INFO  2026-03-22T01:47:21.189+00:00 ThreadId(18) [1P:native-messaging/op-nm-installer/src/nix_utils.rs:68] Created NMH manifest at /home/<redacted-username>/.config/microsoft-edge-dev/NativeMessagingHosts/com.1password.1password.json
INFO  2026-03-22T01:47:21.190+00:00 ThreadId(18) [1P:native-messaging/op-nm-installer/src/nix_utils.rs:48] Creating manifest directory for Chromium at /home/<redacted-username>/.config/BraveSoftware/Brave-Browser/NativeMessagingHosts
INFO  2026-03-22T01:47:21.216+00:00 ThreadId(18) [1P:native-messaging/op-nm-installer/src/nix_utils.rs:68] Created NMH manifest at /home/<redacted-username>/.config/BraveSoftware/Brave-Browser/NativeMessagingHosts/com.1password.1password.json
INFO  2026-03-22T01:47:21.219+00:00 ThreadId(18) [1P:native-messaging/op-nm-installer/src/nix_utils.rs:48] Creating manifest directory for Chromium at /home/<redacted-username>/.config/vivaldi/NativeMessagingHosts
INFO  2026-03-22T01:47:21.238+00:00 ThreadId(18) [1P:native-messaging/op-nm-installer/src/nix_utils.rs:68] Created NMH manifest at /home/<redacted-username>/.config/vivaldi/NativeMessagingHosts/com.1password.1password.json
INFO  2026-03-22T01:47:21.239+00:00 ThreadId(18) [1P:native-messaging/op-nm-installer/src/nix_utils.rs:48] Creating manifest directory for Chromium at /home/<redacted-username>/.config/vivaldi-snapshot/NativeMessagingHosts
INFO  2026-03-22T01:47:21.266+00:00 ThreadId(18) [1P:native-messaging/op-nm-installer/src/nix_utils.rs:68] Created NMH manifest at /home/<redacted-username>/.config/vivaldi-snapshot/NativeMessagingHosts/com.1password.1password.json
INFO  2026-03-22T01:47:21.267+00:00 ThreadId(18) [1P:native-messaging/op-nm-installer/src/nix_utils.rs:48] Creating manifest directory for Firefox at /home/<redacted-username>/.mozilla/native-messaging-hosts
INFO  2026-03-22T01:47:21.293+00:00 ThreadId(18) [1P:native-messaging/op-nm-installer/src/nix_utils.rs:68] Created NMH manifest at /home/<redacted-username>/.mozilla/native-messaging-hosts/com.1password.1password.json
INFO  2026-03-22T01:47:21.293+00:00 ThreadId(18) [1P:native-messaging/op-nm-installer/src/nix_utils.rs:83] Successfully installed all native messaging manifests.
INFO  2026-03-22T01:47:21.295+00:00 ThreadId(18) [1P:app/op-app/src/app.rs:1757] initializing Developer Environment mount handler
INFO  2026-03-22T01:47:21.295+00:00 runtime-worker(ThreadId(16)) [1P:op-global-shortcuts/src/node.rs:38] Global shortcut registration is not available on this system.
INFO  2026-03-22T01:47:21.295+00:00 runtime-worker(ThreadId(11)) [1P:op-global-shortcuts/src/node.rs:38] Global shortcut registration is not available on this system.
INFO  2026-03-22T01:47:21.301+00:00 runtime-worker(ThreadId(16)) [1P:app/op-app-common/src/unlocked_session_keepalive.rs:70] Starting unlocked session keepalive
INFO  2026-03-22T01:47:21.309+00:00 runtime-worker(ThreadId(12)) [1P:native-messaging/op-nm-installer/src/nix_utils.rs:68] Created NMH manifest at /home/<redacted-username>/.config/google-chrome/NativeMessagingHosts/com.1password.1password.json
ERROR 2026-03-22T01:47:21.310+00:00 runtime-worker(ThreadId(13)) [1P:native-messaging/op-native-core-integration/src/lib.rs:762] Listener on SETTING_STATUS has been dropped, unable to communicate changes made to browser SLS setting
INFO  2026-03-22T01:47:21.310+00:00 runtime-worker(ThreadId(14)) [1P:native-messaging/op-native-core-integration/src/lib.rs:568] Starting IPC listener on 1Password-BrowserSupport
ERROR 2026-03-22T01:47:21.310+00:00 ThreadId(18) [1P:ffi/op-core-node/src/lib.rs:559] Io(Os { code: 2, kind: NotFound, message: "No such file or directory" })
INFO  2026-03-22T01:47:21.310+00:00 runtime-worker(ThreadId(14)) [1P:native-messaging/op-native-core-integration/src/lib.rs:580] Active native core integration is awaiting messages
INFO  2026-03-22T01:47:21.314+00:00 runtime-worker(ThreadId(14)) [1P:ssh/op-agent-controller/src/lib.rs:584] Starting filesystem watcher for SSH agent configuration directories...
ERROR 2026-03-22T01:47:21.315+00:00 runtime-worker(ThreadId(14)) [1P:/mnt/ephemeral/builds/dev/core/core/ssh/op-agent-controller/src/lib.rs:585] Io(Os { code: 2, kind: NotFound, message: "No such file or directory" })
INFO  2026-03-22T01:47:21.322+00:00 runtime-worker(ThreadId(12)) [1P:native-messaging/op-nm-installer/src/nix_utils.rs:68] Created NMH manifest at /home/<redacted-username>/.config/google-chrome-beta/NativeMessagingHosts/com.1password.1password.json
INFO  2026-03-22T01:47:21.333+00:00 runtime-worker(ThreadId(12)) [1P:native-messaging/op-nm-installer/src/nix_utils.rs:68] Created NMH manifest at /home/<redacted-username>/.config/google-chrome-unstable/NativeMessagingHosts/com.1password.1password.json
INFO  2026-03-22T01:47:21.350+00:00 runtime-worker(ThreadId(12)) [1P:native-messaging/op-nm-installer/src/nix_utils.rs:68] Created NMH manifest at /home/<redacted-username>/.config/chromium/NativeMessagingHosts/com.1password.1password.json
INFO  2026-03-22T01:47:21.367+00:00 runtime-worker(ThreadId(12)) [1P:native-messaging/op-nm-installer/src/nix_utils.rs:68] Created NMH manifest at /home/<redacted-username>/.config/microsoft-edge-dev/NativeMessagingHosts/com.1password.1password.json
ERROR 2026-03-22T01:47:21.367+00:00 ThreadId(18) [client:typescript] Could not load window state.
INFO  2026-03-22T01:47:21.386+00:00 runtime-worker(ThreadId(12)) [1P:native-messaging/op-nm-installer/src/nix_utils.rs:68] Created NMH manifest at /home/<redacted-username>/.config/BraveSoftware/Brave-Browser/NativeMessagingHosts/com.1password.1password.json
INFO  2026-03-22T01:47:21.411+00:00 runtime-worker(ThreadId(12)) [1P:native-messaging/op-nm-installer/src/nix_utils.rs:68] Created NMH manifest at /home/<redacted-username>/.config/vivaldi/NativeMessagingHosts/com.1password.1password.json
INFO  2026-03-22T01:47:21.428+00:00 runtime-worker(ThreadId(12)) [1P:native-messaging/op-nm-installer/src/nix_utils.rs:68] Created NMH manifest at /home/<redacted-username>/.config/vivaldi-snapshot/NativeMessagingHosts/com.1password.1password.json
INFO  2026-03-22T01:47:21.445+00:00 runtime-worker(ThreadId(12)) [1P:native-messaging/op-nm-installer/src/nix_utils.rs:68] Created NMH manifest at /home/<redacted-username>/.mozilla/native-messaging-hosts/com.1password.1password.json
INFO  2026-03-22T01:47:21.445+00:00 runtime-worker(ThreadId(12)) [1P:native-messaging/op-nm-installer/src/nix_utils.rs:83] Successfully installed all native messaging manifests.
INFO  2026-03-22T01:47:34.794+00:00 runtime-worker(ThreadId(6)) [1P:app/op-app/src/app/backend/mycelium/unauthorized_device_start.rs:93] MYCELIUM UNAUTHORIZED DEVICE FORWARD FLOW SIGN-IN -- starting new sign-in session
INFO  2026-03-22T01:47:34.794+00:00 runtime-worker(ThreadId(6)) [1P:foundation/op-feature-gate/src/feature_store.rs:913] MYCELIUM PRE-REGISTRATION FLAGS: Reading forward flag value as true
INFO  2026-03-22T01:47:34.794+00:00 runtime-worker(ThreadId(6)) [1P:app/op-app/src/app/backend/task_handle.rs:48] Starting mycelium-active-sign-in task
INFO  2026-03-22T01:47:34.794+00:00 runtime-worker(ThreadId(6)) [1P:app/op-app/src/app/backend/mycelium/unauthorized_device_start.rs:275] MYCELIUM UNAUTHORIZED DEVICE FORWARD FLOW SIGN-IN -- starting channel create loop
INFO  2026-03-22T01:47:34.957+00:00 runtime-worker(ThreadId(10)) [1P:app/op-app/src/app/backend/mycelium/unauthorized_device_start.rs:292] MYCELIUM UNAUTHORIZED DEVICE FORWARD FLOW SIGN-IN -- created Mycelium channel on region code Com
INFO  2026-03-22T01:49:28.561+00:00 runtime-worker(ThreadId(10)) [1P:app/op-app/src/app/backend.rs:1220] Mycelium sign-in cancellation request received from client
INFO  2026-03-22T01:49:28.561+00:00 runtime-worker(ThreadId(10)) [1P:app/op-app/src/app/backend/task_handle.rs:63] Terminating mycelium-active-sign-in task
INFO  2026-03-22T01:49:28.561+00:00 runtime-worker(ThreadId(10)) [1P:app/op-app/src/app/backend/mycelium/unauthorized_device_start.rs:192] MYCELIUM UNAUTHORIZED DEVICE FORWARD FLOW SIGN-IN -- Mycelium sign in manually aborted
INFO  2026-03-22T01:52:09.555+00:00 runtime-worker(ThreadId(5)) [1P:op-b5-client/src/internal/unauthorized_session/auth_flow.rs:830] Registered device egcqsgifbrw5r27yjrfop6ypf4
INFO  2026-03-22T01:52:10.065+00:00 runtime-worker(ThreadId(6)) [1P:op-b5-client/src/internal/unauthorized_session/auth_flow.rs:1041] Skipping MFA because server did not return MFA config
INFO  2026-03-22T01:52:10.125+00:00 runtime-worker(ThreadId(14)) [1P:data/op-add-account/src/first_sync.rs:479] starting initial account sync
INFO  2026-03-22T01:52:10.918+00:00 runtime-worker(ThreadId(6)) [1P:native-messaging/op-nm-settings/src/lib.rs:190] Account len modified 0 vs 1
INFO  2026-03-22T01:52:10.918+00:00 runtime-worker(ThreadId(5)) [1P:native-messaging/op-nm-settings/src/lib.rs:147] Initial account added, defining default SLS state
INFO  2026-03-22T01:52:10.918+00:00 runtime-worker(ThreadId(10)) [1P:native-messaging/op-native-core-integration/src/lib.rs:586] Setting has been toggled on/off, restarting native core integration
INFO  2026-03-22T01:52:10.919+00:00 runtime-worker(ThreadId(10)) [1P:native-messaging/op-native-core-integration/src/lib.rs:518] Mute native core integration is waiting for a restartable event
INFO  2026-03-22T01:52:10.937+00:00 runtime-worker(ThreadId(6)) [1P:native-messaging/op-nm-installer/src/nix_utils.rs:104] Removed NMH manifest at /home/<redacted-username>/.config/google-chrome/NativeMessagingHosts/com.1password.1password.json
INFO  2026-03-22T01:52:11.014+00:00 runtime-worker(ThreadId(6)) [1P:native-messaging/op-nm-installer/src/nix_utils.rs:104] Removed NMH manifest at /home/<redacted-username>/.config/google-chrome-beta/NativeMessagingHosts/com.1password.1password.json
INFO  2026-03-22T01:52:11.032+00:00 runtime-worker(ThreadId(6)) [1P:native-messaging/op-nm-installer/src/nix_utils.rs:104] Removed NMH manifest at /home/<redacted-username>/.config/google-chrome-unstable/NativeMessagingHosts/com.1password.1password.json
INFO  2026-03-22T01:52:11.047+00:00 runtime-worker(ThreadId(6)) [1P:native-messaging/op-nm-installer/src/nix_utils.rs:104] Removed NMH manifest at /home/<redacted-username>/.config/chromium/NativeMessagingHosts/com.1password.1password.json
INFO  2026-03-22T01:52:11.059+00:00 runtime-worker(ThreadId(6)) [1P:native-messaging/op-nm-installer/src/nix_utils.rs:104] Removed NMH manifest at /home/<redacted-username>/.config/microsoft-edge-dev/NativeMessagingHosts/com.1password.1password.json
INFO  2026-03-22T01:52:11.071+00:00 runtime-worker(ThreadId(6)) [1P:native-messaging/op-nm-installer/src/nix_utils.rs:104] Removed NMH manifest at /home/<redacted-username>/.config/BraveSoftware/Brave-Browser/NativeMessagingHosts/com.1password.1password.json
INFO  2026-03-22T01:52:11.081+00:00 runtime-worker(ThreadId(6)) [1P:native-messaging/op-nm-installer/src/nix_utils.rs:104] Removed NMH manifest at /home/<redacted-username>/.config/vivaldi/NativeMessagingHosts/com.1password.1password.json
INFO  2026-03-22T01:52:11.094+00:00 runtime-worker(ThreadId(6)) [1P:native-messaging/op-nm-installer/src/nix_utils.rs:104] Removed NMH manifest at /home/<redacted-username>/.config/vivaldi-snapshot/NativeMessagingHosts/com.1password.1password.json
INFO  2026-03-22T01:52:11.104+00:00 runtime-worker(ThreadId(6)) [1P:native-messaging/op-nm-installer/src/nix_utils.rs:104] Removed NMH manifest at /home/<redacted-username>/.mozilla/native-messaging-hosts/com.1password.1password.json
INFO  2026-03-22T01:52:11.104+00:00 runtime-worker(ThreadId(6)) [1P:native-messaging/op-nm-installer/src/nix_utils.rs:124] Removed 9 Native Messaging Host manifests
INFO  2026-03-22T01:52:11.198+00:00 runtime-worker(ThreadId(14)) [1P:data/op-syncer/src/sync_job.rs:477] synced account 5TXP3BCPFVDW5J6G5X3FHB2TV4 (0.974118603s)
WARN  2026-03-22T01:52:11.995+00:00 ThreadId(23) [1P:data/op-db-queue-worker/src/worker.rs:147] operation transaction #tx#44(ObjectsMut) took more than 100 ms (105 ms)
INFO  2026-03-22T01:52:12.824+00:00 runtime-worker(ThreadId(10)) [1P:/mnt/ephemeral/builds/dev/core/core/data/ext/op-account-ext-settings-authentication/src/lib.rs:241] loaded settings authentication key: none
INFO  2026-03-22T01:52:12.826+00:00 runtime-worker(ThreadId(5)) [1P:data/ext/op-account-ext-items/src/lib.rs:290] loaded 0 items in 6 vaults for account: 5TXP3BCPFVDW5J6G5X3FHB2TV4
ERROR 2026-03-22T01:52:12.827+00:00 runtime-worker(ThreadId(6)) [1P:/mnt/ephemeral/builds/dev/core/core/policies/op-policies/src/policies.rs:58] Failed to get PolicyAuthenticationKey from any account
INFO  2026-03-22T01:52:12.827+00:00 runtime-worker(ThreadId(13)) [1P:service/op-service-sync/src/lib.rs:153] starting refresher task during initial account sign-in
INFO  2026-03-22T01:52:12.827+00:00 runtime-worker(ThreadId(10)) [1P:op-telemetry/src/middleware/opt_state.rs:122] op-telemetry: account uuid '5TXP3BCPFVDW5J6G5X3FHB2TV4' changed telemetry state to Decided(Out)
ERROR 2026-03-22T01:52:12.828+00:00 runtime-worker(ThreadId(5)) [1P:op-auto-lock/src/linux.rs:220] Could not connect to the X server: XcbEventError
INFO  2026-03-22T01:52:12.828+00:00 runtime-worker(ThreadId(5)) [1P:data/ext/op-account-ext-settings-authentication/src/lib.rs:363] No and/or corrupt account setting authentication key, generating a new one.
INFO  2026-03-22T01:52:12.828+00:00 runtime-worker(ThreadId(5)) [1P:data/ext/op-account-ext-settings-authentication/src/lib.rs:381] applying setting authentication key (e158a1bc322db67e) to account (5TXP3BCPFVDW5J6G5X3FHB2TV4).
INFO  2026-03-22T01:52:12.829+00:00 runtime-worker(ThreadId(5)) [1P:op-settings/src/store/json_store.rs:787] initializing settings authentication with key e158a1bc322db67e
WARN  2026-03-22T01:52:12.829+00:00 runtime-worker(ThreadId(15)) [1P:op-auto-lock/src/linux.rs:400] idle time on KWin-based Wayland sessions is not yet supported
INFO  2026-03-22T01:52:12.830+00:00 runtime-worker(ThreadId(13)) [1P:app/op-app/src/app/backend/unlock.rs:196] Lock state changed: Unlocked
ERROR 2026-03-22T01:52:12.833+00:00 runtime-worker(ThreadId(10)) [1P:op-settings/src/store/json_store.rs:82] Os { code: 2, kind: NotFound, message: "No such file or directory" }
INFO  2026-03-22T01:52:12.834+00:00 runtime-worker(ThreadId(10)) [1P:op-settings/src/store/json_store.rs:118] Settings file "/home/<redacted-username>/.config/1Password/settings/settings.json" missing, using defaults.
INFO  2026-03-22T01:52:12.845+00:00 runtime-worker(ThreadId(6)) [1P:app/op-app/src/app/backend/essential_setup.rs:191] SLS Migration Result: Performed
INFO  2026-03-22T01:52:12.847+00:00 runtime-worker(ThreadId(6)) [1P:op-settings/src/store/json_store.rs:75] Settings file created @ 2026-03-22 01:52:12.830493550 UTC and last modified @ 2026-03-22 01:52:12.838493562 UTC
INFO  2026-03-22T01:52:12.847+00:00 runtime-worker(ThreadId(6)) [1P:native-messaging/op-native-core-integration/src/lib.rs:526] Setting has been toggled on/off, restarting native core integration
INFO  2026-03-22T01:52:12.847+00:00 runtime-worker(ThreadId(6)) [1P:native-messaging/op-native-core-integration/src/lib.rs:568] Starting IPC listener on 1Password-BrowserSupport
INFO  2026-03-22T01:52:12.847+00:00 runtime-worker(ThreadId(12)) [1P:native-messaging/op-native-core-integration/src/lib.rs:580] Active native core integration is awaiting messages
INFO  2026-03-22T01:52:12.847+00:00 runtime-worker(ThreadId(12)) [1P:native-messaging/op-native-core-integration/src/lib.rs:586] Setting has been toggled on/off, restarting native core integration
INFO  2026-03-22T01:52:12.847+00:00 runtime-worker(ThreadId(12)) [1P:native-messaging/op-native-core-integration/src/lib.rs:568] Starting IPC listener on 1Password-BrowserSupport
INFO  2026-03-22T01:52:12.847+00:00 runtime-worker(ThreadId(6)) [1P:native-messaging/op-native-core-integration/src/lib.rs:580] Active native core integration is awaiting messages
INFO  2026-03-22T01:52:12.848+00:00 ThreadId(18) [client:typescript] Settings file changed.
INFO  2026-03-22T01:52:12.850+00:00 runtime-worker(ThreadId(6)) [1P:op-settings/src/store/json_store.rs:75] Settings file created @ 2026-03-22 01:52:12.830493550 UTC and last modified @ 2026-03-22 01:52:12.838493562 UTC
INFO  2026-03-22T01:52:12.856+00:00 runtime-worker(ThreadId(13)) [1P:native-messaging/op-nm-installer/src/nix_utils.rs:68] Created NMH manifest at /home/<redacted-username>/.config/google-chrome/NativeMessagingHosts/com.1password.1password.json
INFO  2026-03-22T01:52:12.861+00:00 runtime-worker(ThreadId(12)) [1P:op-settings/src/store/json_store.rs:75] Settings file created @ 2026-03-22 01:52:12.830493550 UTC and last modified @ 2026-03-22 01:52:12.854493585 UTC
INFO  2026-03-22T01:52:12.861+00:00 runtime-worker(ThreadId(12)) [1P:native-messaging/op-native-core-integration/src/lib.rs:586] Setting has been toggled on/off, restarting native core integration
INFO  2026-03-22T01:52:12.861+00:00 runtime-worker(ThreadId(12)) [1P:native-messaging/op-native-core-integration/src/lib.rs:568] Starting IPC listener on 1Password-BrowserSupport
INFO  2026-03-22T01:52:12.861+00:00 runtime-worker(ThreadId(10)) [1P:native-messaging/op-native-core-integration/src/lib.rs:580] Active native core integration is awaiting messages
INFO  2026-03-22T01:52:12.861+00:00 runtime-worker(ThreadId(10)) [1P:native-messaging/op-native-core-integration/src/lib.rs:586] Setting has been toggled on/off, restarting native core integration
INFO  2026-03-22T01:52:12.861+00:00 runtime-worker(ThreadId(10)) [1P:native-messaging/op-native-core-integration/src/lib.rs:568] Starting IPC listener on 1Password-BrowserSupport
INFO  2026-03-22T01:52:12.861+00:00 runtime-worker(ThreadId(11)) [1P:native-messaging/op-native-core-integration/src/lib.rs:580] Active native core integration is awaiting messages
INFO  2026-03-22T01:52:12.864+00:00 ThreadId(18) [client:typescript] Settings file changed.
INFO  2026-03-22T01:52:12.867+00:00 runtime-worker(ThreadId(13)) [1P:native-messaging/op-nm-installer/src/nix_utils.rs:68] Created NMH manifest at /home/<redacted-username>/.config/google-chrome-beta/NativeMessagingHosts/com.1password.1password.json
INFO  2026-03-22T01:52:12.881+00:00 runtime-worker(ThreadId(13)) [1P:native-messaging/op-nm-installer/src/nix_utils.rs:68] Created NMH manifest at /home/<redacted-username>/.config/google-chrome-unstable/NativeMessagingHosts/com.1password.1password.json
INFO  2026-03-22T01:52:12.893+00:00 runtime-worker(ThreadId(13)) [1P:native-messaging/op-nm-installer/src/nix_utils.rs:68] Created NMH manifest at /home/<redacted-username>/.config/chromium/NativeMessagingHosts/com.1password.1password.json
INFO  2026-03-22T01:52:12.904+00:00 runtime-worker(ThreadId(13)) [1P:native-messaging/op-nm-installer/src/nix_utils.rs:68] Created NMH manifest at /home/<redacted-username>/.config/microsoft-edge-dev/NativeMessagingHosts/com.1password.1password.json
INFO  2026-03-22T01:52:12.916+00:00 runtime-worker(ThreadId(13)) [1P:native-messaging/op-nm-installer/src/nix_utils.rs:68] Created NMH manifest at /home/<redacted-username>/.config/BraveSoftware/Brave-Browser/NativeMessagingHosts/com.1password.1password.json
INFO  2026-03-22T01:52:12.937+00:00 runtime-worker(ThreadId(13)) [1P:native-messaging/op-nm-installer/src/nix_utils.rs:68] Created NMH manifest at /home/<redacted-username>/.config/vivaldi/NativeMessagingHosts/com.1password.1password.json
INFO  2026-03-22T01:52:12.949+00:00 runtime-worker(ThreadId(13)) [1P:native-messaging/op-nm-installer/src/nix_utils.rs:68] Created NMH manifest at /home/<redacted-username>/.config/vivaldi-snapshot/NativeMessagingHosts/com.1password.1password.json
INFO  2026-03-22T01:52:12.963+00:00 runtime-worker(ThreadId(13)) [1P:native-messaging/op-nm-installer/src/nix_utils.rs:68] Created NMH manifest at /home/<redacted-username>/.mozilla/native-messaging-hosts/com.1password.1password.json
INFO  2026-03-22T01:52:12.963+00:00 runtime-worker(ThreadId(13)) [1P:native-messaging/op-nm-installer/src/nix_utils.rs:83] Successfully installed all native messaging manifests.
INFO  2026-03-22T01:52:12.972+00:00 runtime-worker(ThreadId(15)) [1P:data/ext/op-account-ext-syncer/src/lib.rs:250] The B5 Notifier for (5TXP3BCPFVDW5J6G5X3FHB2TV4) has connected, now monitoring for events.
INFO  2026-03-22T01:52:12.977+00:00 runtime-worker(ThreadId(13)) [1P:native-messaging/op-nm-installer/src/nix_utils.rs:68] Created NMH manifest at /home/<redacted-username>/.config/google-chrome/NativeMessagingHosts/com.1password.1password.json
INFO  2026-03-22T01:52:12.990+00:00 runtime-worker(ThreadId(71)) [1P:app/op-app/src/app/backend/quick_access.rs:186] Getting suggestions for quick access
INFO  2026-03-22T01:52:12.990+00:00 runtime-worker(ThreadId(72)) [1P:app/op-app/src/app/backend/quick_access.rs:186] Getting suggestions for quick access
INFO  2026-03-22T01:52:12.994+00:00 runtime-worker(ThreadId(13)) [1P:native-messaging/op-nm-installer/src/nix_utils.rs:68] Created NMH manifest at /home/<redacted-username>/.config/google-chrome-beta/NativeMessagingHosts/com.1password.1password.json
INFO  2026-03-22T01:52:13.009+00:00 runtime-worker(ThreadId(13)) [1P:native-messaging/op-nm-installer/src/nix_utils.rs:68] Created NMH manifest at /home/<redacted-username>/.config/google-chrome-unstable/NativeMessagingHosts/com.1password.1password.json
INFO  2026-03-22T01:52:13.013+00:00 runtime-worker(ThreadId(15)) [1P:app/op-app/src/app/backend/unlock.rs:290] Processing unlocked account 5TXP3BCPFVDW5J6G5X3FHB2TV4
INFO  2026-03-22T01:52:13.022+00:00 runtime-worker(ThreadId(13)) [1P:native-messaging/op-nm-installer/src/nix_utils.rs:68] Created NMH manifest at /home/<redacted-username>/.config/chromium/NativeMessagingHosts/com.1password.1password.json
INFO  2026-03-22T01:52:13.036+00:00 runtime-worker(ThreadId(13)) [1P:native-messaging/op-nm-installer/src/nix_utils.rs:68] Created NMH manifest at /home/<redacted-username>/.config/microsoft-edge-dev/NativeMessagingHosts/com.1password.1password.json
INFO  2026-03-22T01:52:13.049+00:00 runtime-worker(ThreadId(13)) [1P:native-messaging/op-nm-installer/src/nix_utils.rs:68] Created NMH manifest at /home/<redacted-username>/.config/BraveSoftware/Brave-Browser/NativeMessagingHosts/com.1password.1password.json
INFO  2026-03-22T01:52:13.065+00:00 runtime-worker(ThreadId(13)) [1P:native-messaging/op-nm-installer/src/nix_utils.rs:68] Created NMH manifest at /home/<redacted-username>/.config/vivaldi/NativeMessagingHosts/com.1password.1password.json
INFO  2026-03-22T01:52:13.082+00:00 runtime-worker(ThreadId(13)) [1P:native-messaging/op-nm-installer/src/nix_utils.rs:68] Created NMH manifest at /home/<redacted-username>/.config/vivaldi-snapshot/NativeMessagingHosts/com.1password.1password.json
INFO  2026-03-22T01:52:13.096+00:00 runtime-worker(ThreadId(13)) [1P:native-messaging/op-nm-installer/src/nix_utils.rs:68] Created NMH manifest at /home/<redacted-username>/.mozilla/native-messaging-hosts/com.1password.1password.json
INFO  2026-03-22T01:52:13.096+00:00 runtime-worker(ThreadId(13)) [1P:native-messaging/op-nm-installer/src/nix_utils.rs:83] Successfully installed all native messaging manifests.
INFO  2026-03-22T01:52:13.112+00:00 runtime-worker(ThreadId(13)) [1P:native-messaging/op-nm-installer/src/nix_utils.rs:68] Created NMH manifest at /home/<redacted-username>/.config/google-chrome/NativeMessagingHosts/com.1password.1password.json
INFO  2026-03-22T01:52:13.125+00:00 runtime-worker(ThreadId(11)) [1P:op-b5-client/src/b5_client/features/mod.rs:384] Using feature-rollout-service for pre-registration features.
INFO  2026-03-22T01:52:13.126+00:00 runtime-worker(ThreadId(13)) [1P:native-messaging/op-nm-installer/src/nix_utils.rs:68] Created NMH manifest at /home/<redacted-username>/.config/google-chrome-beta/NativeMessagingHosts/com.1password.1password.json
INFO  2026-03-22T01:52:13.137+00:00 runtime-worker(ThreadId(13)) [1P:native-messaging/op-nm-installer/src/nix_utils.rs:68] Created NMH manifest at /home/<redacted-username>/.config/google-chrome-unstable/NativeMessagingHosts/com.1password.1password.json
INFO  2026-03-22T01:52:13.148+00:00 runtime-worker(ThreadId(13)) [1P:native-messaging/op-nm-installer/src/nix_utils.rs:68] Created NMH manifest at /home/<redacted-username>/.config/chromium/NativeMessagingHosts/com.1password.1password.json
INFO  2026-03-22T01:52:13.160+00:00 runtime-worker(ThreadId(13)) [1P:native-messaging/op-nm-installer/src/nix_utils.rs:68] Created NMH manifest at /home/<redacted-username>/.config/microsoft-edge-dev/NativeMessagingHosts/com.1password.1password.json
INFO  2026-03-22T01:52:13.173+00:00 runtime-worker(ThreadId(13)) [1P:native-messaging/op-nm-installer/src/nix_utils.rs:68] Created NMH manifest at /home/<redacted-username>/.config/BraveSoftware/Brave-Browser/NativeMessagingHosts/com.1password.1password.json
INFO  2026-03-22T01:52:13.186+00:00 runtime-worker(ThreadId(13)) [1P:native-messaging/op-nm-installer/src/nix_utils.rs:68] Created NMH manifest at /home/<redacted-username>/.config/vivaldi/NativeMessagingHosts/com.1password.1password.json
INFO  2026-03-22T01:52:13.197+00:00 runtime-worker(ThreadId(13)) [1P:native-messaging/op-nm-installer/src/nix_utils.rs:68] Created NMH manifest at /home/<redacted-username>/.config/vivaldi-snapshot/NativeMessagingHosts/com.1password.1password.json
INFO  2026-03-22T01:52:13.210+00:00 runtime-worker(ThreadId(13)) [1P:native-messaging/op-nm-installer/src/nix_utils.rs:68] Created NMH manifest at /home/<redacted-username>/.mozilla/native-messaging-hosts/com.1password.1password.json
INFO  2026-03-22T01:52:13.210+00:00 runtime-worker(ThreadId(13)) [1P:native-messaging/op-nm-installer/src/nix_utils.rs:83] Successfully installed all native messaging manifests.
INFO  2026-03-22T01:52:13.222+00:00 runtime-worker(ThreadId(13)) [1P:native-messaging/op-nm-installer/src/nix_utils.rs:68] Created NMH manifest at /home/<redacted-username>/.config/google-chrome/NativeMessagingHosts/com.1password.1password.json
INFO  2026-03-22T01:52:13.233+00:00 runtime-worker(ThreadId(13)) [1P:native-messaging/op-nm-installer/src/nix_utils.rs:68] Created NMH manifest at /home/<redacted-username>/.config/google-chrome-beta/NativeMessagingHosts/com.1password.1password.json
INFO  2026-03-22T01:52:13.255+00:00 runtime-worker(ThreadId(13)) [1P:native-messaging/op-nm-installer/src/nix_utils.rs:68] Created NMH manifest at /home/<redacted-username>/.config/google-chrome-unstable/NativeMessagingHosts/com.1password.1password.json
INFO  2026-03-22T01:52:13.267+00:00 runtime-worker(ThreadId(13)) [1P:native-messaging/op-nm-installer/src/nix_utils.rs:68] Created NMH manifest at /home/<redacted-username>/.config/chromium/NativeMessagingHosts/com.1password.1password.json
INFO  2026-03-22T01:52:13.282+00:00 runtime-worker(ThreadId(13)) [1P:native-messaging/op-nm-installer/src/nix_utils.rs:68] Created NMH manifest at /home/<redacted-username>/.config/microsoft-edge-dev/NativeMessagingHosts/com.1password.1password.json
INFO  2026-03-22T01:52:13.293+00:00 runtime-worker(ThreadId(13)) [1P:native-messaging/op-nm-installer/src/nix_utils.rs:68] Created NMH manifest at /home/<redacted-username>/.config/BraveSoftware/Brave-Browser/NativeMessagingHosts/com.1password.1password.json
INFO  2026-03-22T01:52:13.314+00:00 runtime-worker(ThreadId(13)) [1P:native-messaging/op-nm-installer/src/nix_utils.rs:68] Created NMH manifest at /home/<redacted-username>/.config/vivaldi/NativeMessagingHosts/com.1password.1password.json
INFO  2026-03-22T01:52:13.326+00:00 runtime-worker(ThreadId(13)) [1P:native-messaging/op-nm-installer/src/nix_utils.rs:68] Created NMH manifest at /home/<redacted-username>/.config/vivaldi-snapshot/NativeMessagingHosts/com.1password.1password.json
INFO  2026-03-22T01:52:13.341+00:00 runtime-worker(ThreadId(13)) [1P:native-messaging/op-nm-installer/src/nix_utils.rs:68] Created NMH manifest at /home/<redacted-username>/.mozilla/native-messaging-hosts/com.1password.1password.json
INFO  2026-03-22T01:52:13.341+00:00 runtime-worker(ThreadId(13)) [1P:native-messaging/op-nm-installer/src/nix_utils.rs:83] Successfully installed all native messaging manifests.
WARN  2026-03-22T01:52:14.239+00:00 ThreadId(23) [1P:data/op-db-queue-worker/src/worker.rs:93] operation transaction #tx#187(PullItems) took more than 100 ms (153 ms)
INFO  2026-03-22T01:52:14.379+00:00 runtime-worker(ThreadId(15)) [1P:app/op-app/src/app/backend/unlock.rs:418] Auto-lock duration recieved one-time update
INFO  2026-03-22T01:52:14.379+00:00 runtime-worker(ThreadId(11)) [1P:op-settings/src/store/json_store.rs:75] Settings file created @ 2026-03-22 01:52:12.830493550 UTC and last modified @ 2026-03-22 01:52:12.854493585 UTC
INFO  2026-03-22T01:52:14.391+00:00 runtime-worker(ThreadId(15)) [1P:op-settings/src/store/json_store.rs:75] Settings file created @ 2026-03-22 01:52:12.830493550 UTC and last modified @ 2026-03-22 01:52:14.382495823 UTC
ERROR 2026-03-22T01:52:14.398+00:00 runtime-worker(ThreadId(15)) [1P:ffi/op-core-node/src/lib.rs:136] Item list call aborted by a new call
INFO  2026-03-22T01:52:14.398+00:00 runtime-worker(ThreadId(71)) [1P:app/op-app/src/app/backend/quick_access.rs:186] Getting suggestions for quick access
INFO  2026-03-22T01:52:14.769+00:00 runtime-worker(ThreadId(8)) [1P:data/op-syncer/src/sync_job.rs:477] synced account 5TXP3BCPFVDW5J6G5X3FHB2TV4 (1.8587006860000002s)
INFO  2026-03-22T01:52:14.769+00:00 runtime-worker(ThreadId(16)) [1P:op-file-transfer/src/lib.rs:730] find_and_complete_pending_uploads: '5TXP3BCPFVDW5J6G5X3FHB2TV4'
INFO  2026-03-22T01:52:14.769+00:00 runtime-worker(ThreadId(8)) [1P:service/op-service-sync/src/lib.rs:163] shutting down refresher task
INFO  2026-03-22T01:52:14.775+00:00 runtime-worker(ThreadId(71)) [1P:app/op-app/src/app/backend/quick_access.rs:186] Getting suggestions for quick access
INFO  2026-03-22T01:52:14.886+00:00 runtime-worker(ThreadId(8)) [1P:data/op-syncer/src/sync_job.rs:477] synced account 5TXP3BCPFVDW5J6G5X3FHB2TV4 (0.004852774s)
INFO  2026-03-22T01:52:14.890+00:00 runtime-worker(ThreadId(94)) [1P:app/op-app/src/app/backend/quick_access.rs:186] Getting suggestions for quick access
INFO  2026-03-22T01:52:20.092+00:00 runtime-worker(ThreadId(15)) [1P:op-settings/src/store/json_store.rs:75] Settings file created @ 2026-03-22 01:52:12.830493550 UTC and last modified @ 2026-03-22 01:52:14.382495823 UTC
WARN  2026-03-22T01:52:20.095+00:00 runtime-worker(ThreadId(12)) [1P:op-auto-lock/src/linux.rs:400] idle time on KWin-based Wayland sessions is not yet supported
ERROR 2026-03-22T01:52:20.095+00:00 runtime-worker(ThreadId(12)) [1P:op-auto-lock/src/lib.rs:151] failed to discover supported autolock backend: NotImplemented
INFO  2026-03-22T01:52:20.255+00:00 runtime-worker(ThreadId(15)) [1P:op-settings/src/store/json_store.rs:75] Settings file created @ 2026-03-22 01:52:12.830493550 UTC and last modified @ 2026-03-22 01:52:20.138504255 UTC
INFO  2026-03-22T01:52:20.256+00:00 ThreadId(18) [client:typescript] Settings file changed.
INFO  2026-03-22T01:52:21.421+00:00 runtime-worker(ThreadId(14)) [1P:op-settings/src/store/json_store.rs:75] Settings file created @ 2026-03-22 01:52:12.830493550 UTC and last modified @ 2026-03-22 01:52:20.138504255 UTC
INFO  2026-03-22T01:52:21.448+00:00 runtime-worker(ThreadId(15)) [1P:op-settings/src/store/json_store.rs:75] Settings file created @ 2026-03-22 01:52:12.830493550 UTC and last modified @ 2026-03-22 01:52:21.434506153 UTC
INFO  2026-03-22T01:52:21.448+00:00 ThreadId(18) [client:typescript] Settings file changed.
INFO  2026-03-22T01:52:23.217+00:00 runtime-worker(ThreadId(12)) [1P:op-settings/src/store/json_store.rs:75] Settings file created @ 2026-03-22 01:52:12.830493550 UTC and last modified @ 2026-03-22 01:52:21.434506153 UTC
WARN  2026-03-22T01:52:23.218+00:00 runtime-worker(ThreadId(15)) [1P:op-auto-lock/src/linux.rs:400] idle time on KWin-based Wayland sessions is not yet supported
ERROR 2026-03-22T01:52:23.218+00:00 runtime-worker(ThreadId(15)) [1P:op-auto-lock/src/lib.rs:151] failed to discover supported autolock backend: NotImplemented
INFO  2026-03-22T01:52:23.255+00:00 runtime-worker(ThreadId(14)) [1P:op-settings/src/store/json_store.rs:75] Settings file created @ 2026-03-22 01:52:12.830493550 UTC and last modified @ 2026-03-22 01:52:23.238508796 UTC
INFO  2026-03-22T01:52:23.256+00:00 ThreadId(18) [client:typescript] Settings file changed.
INFO  2026-03-22T01:52:24.179+00:00 runtime-worker(ThreadId(14)) [1P:data/op-account-system-unlock/src/lib.rs:776] Adding system unlock key. Verifying keysets can be decrypted.
INFO  2026-03-22T01:52:24.181+00:00 runtime-worker(ThreadId(14)) [1P:data/op-account-system-unlock/src/lib.rs:782] Adding system unlock key. Encrypting muk.
INFO  2026-03-22T01:52:24.181+00:00 ThreadId(23) [1P:data/op-account-system-unlock/src/lib.rs:788] Adding system unlock key. Updating account.
INFO  2026-03-22T01:52:35.880+00:00 runtime-worker(ThreadId(14)) [1P:app/op-app/src/app/backend/frontend.rs:22] Front end event: window closed
WARN  2026-03-22T01:53:02.762+00:00 runtime-worker(ThreadId(5)) [1P:data/op-syncer/src/queue.rs:123] Syncer channel for versioned syncs hung up! Sync task will be shut down.
INFO  2026-03-22T01:53:02.763+00:00 runtime-worker(ThreadId(15)) [1P:app/op-app/src/app/backend/lock.rs:213] Lock state changed: Locked
INFO  2026-03-22T01:53:02.763+00:00 runtime-worker(ThreadId(15)) [1P:app/op-app/src/app/backend/lock.rs:248] Locked. Reason: Automatic(ScreenSaverActivated).
INFO  2026-03-22T01:53:02.763+00:00 runtime-worker(ThreadId(9)) [1P:app/op-app/src/app/backend/mycelium/task_management.rs:65] Received a Mycelium channel close request, ignoring request as no task is actively running
WARN  2026-03-24T01:47:22.935+00:00 ThreadId(23) [1P:data/op-db-queue-worker/src/worker.rs:93] operation transaction #tx#237(UnassociatedObjectsMut) took more than 100 ms (145 ms)
INFO  2026-03-24T02:17:33.746+00:00 runtime-worker(ThreadId(5)) [1P:app/op-app/src/app/backend/lock_screen.rs:107] System unlock is enabled: true
INFO  2026-03-24T02:17:33.746+00:00 runtime-worker(ThreadId(102)) [1P:foundation/op-system-auth/src/lib.rs:344] Biometry is available for 1 or more accounts
INFO  2026-03-24T02:17:33.746+00:00 runtime-worker(ThreadId(5)) [1P:app/op-app/src/app/backend/lock_screen.rs:135] Sys auth status Ready
INFO  2026-03-24T02:17:33.764+00:00 runtime-worker(ThreadId(5)) [1P:app/op-app/src/app/backend/lock_screen.rs:107] System unlock is enabled: true
INFO  2026-03-24T02:17:33.764+00:00 runtime-worker(ThreadId(102)) [1P:foundation/op-system-auth/src/lib.rs:344] Biometry is available for 1 or more accounts
INFO  2026-03-24T02:17:33.765+00:00 runtime-worker(ThreadId(5)) [1P:app/op-app/src/app/backend/lock_screen.rs:864] Attempting to unlock with biometry.
INFO  2026-03-24T02:17:39.125+00:00 runtime-worker(ThreadId(15)) [1P:/mnt/ephemeral/builds/dev/core/core/data/ext/op-account-ext-settings-authentication/src/lib.rs:241] loaded settings authentication key: e158a1bc322db67e
INFO  2026-03-24T02:17:39.134+00:00 runtime-worker(ThreadId(12)) [1P:data/ext/op-account-ext-items/src/lib.rs:290] loaded 4 items in 6 vaults for account: 5TXP3BCPFVDW5J6G5X3FHB2TV4
ERROR 2026-03-24T02:17:39.136+00:00 runtime-worker(ThreadId(12)) [1P:op-auto-lock/src/linux.rs:220] Could not connect to the X server: XcbEventError
INFO  2026-03-24T02:17:39.136+00:00 runtime-worker(ThreadId(12)) [1P:data/ext/op-account-ext-settings-authentication/src/lib.rs:322] exactly one existing key found (e158a1bc322db67e). Applying it to any new accounts
INFO  2026-03-24T02:17:39.136+00:00 runtime-worker(ThreadId(12)) [1P:op-settings/src/store/json_store.rs:787] initializing settings authentication with key e158a1bc322db67e
INFO  2026-03-24T02:17:39.136+00:00 runtime-worker(ThreadId(13)) [1P:app/op-app/src/app/backend/unlock.rs:196] Lock state changed: Unlocked
INFO  2026-03-24T02:17:39.136+00:00 runtime-worker(ThreadId(16)) [1P:app/op-app/src/app/backend/unlock.rs:290] Processing unlocked account 5TXP3BCPFVDW5J6G5X3FHB2TV4
WARN  2026-03-24T02:17:39.136+00:00 runtime-worker(ThreadId(4)) [1P:op-auto-lock/src/linux.rs:400] idle time on KWin-based Wayland sessions is not yet supported
INFO  2026-03-24T02:17:39.136+00:00 ThreadId(18) [client:typescript] Settings file changed.
INFO  2026-03-24T02:17:39.281+00:00 runtime-worker(ThreadId(105)) [1P:app/op-app/src/app/backend/quick_access.rs:186] Getting suggestions for quick access
INFO  2026-03-24T02:17:39.282+00:00 runtime-worker(ThreadId(103)) [1P:app/op-app/src/app/backend/quick_access.rs:186] Getting suggestions for quick access
INFO  2026-03-24T02:17:39.772+00:00 runtime-worker(ThreadId(10)) [1P:op-b5-client/src/internal/unauthorized_session/auth_flow.rs:1041] Skipping MFA because server did not return MFA config
INFO  2026-03-24T02:17:39.902+00:00 runtime-worker(ThreadId(15)) [1P:op-b5-client/src/b5_client/features/mod.rs:384] Using feature-rollout-service for pre-registration features.
INFO  2026-03-24T02:17:39.972+00:00 runtime-worker(ThreadId(10)) [1P:data/ext/op-account-ext-syncer/src/lib.rs:250] The B5 Notifier for (5TXP3BCPFVDW5J6G5X3FHB2TV4) has connected, now monitoring for events.
INFO  2026-03-24T02:17:40.133+00:00 runtime-worker(ThreadId(4)) [1P:data/op-syncer/src/sync_job.rs:477] synced account 5TXP3BCPFVDW5J6G5X3FHB2TV4 (0.203482738s)
INFO  2026-03-24T02:17:40.133+00:00 runtime-worker(ThreadId(4)) [1P:op-file-transfer/src/lib.rs:730] find_and_complete_pending_uploads: '5TXP3BCPFVDW5J6G5X3FHB2TV4'
INFO  2026-03-24T02:17:40.141+00:00 runtime-worker(ThreadId(105)) [1P:app/op-app/src/app/backend/quick_access.rs:186] Getting suggestions for quick access
WARN  2026-03-24T02:17:46.916+00:00 ThreadId(23) [1P:data/op-db-queue-worker/src/worker.rs:93] operation transaction #tx#346(SetConfig) took more than 100 ms (116 ms)
WARN  2026-03-24T02:18:15.931+00:00 runtime-worker(ThreadId(12)) [1P:data/op-syncer/src/queue.rs:123] Syncer channel for versioned syncs hung up! Sync task will be shut down.
INFO  2026-03-24T02:18:15.931+00:00 runtime-worker(ThreadId(4)) [1P:app/op-app/src/app/backend/lock.rs:213] Lock state changed: Locked
INFO  2026-03-24T02:18:15.931+00:00 runtime-worker(ThreadId(4)) [1P:app/op-app/src/app/backend/lock.rs:248] Locked. Reason: Automatic(ScreenSaverActivated).
INFO  2026-03-24T02:18:15.931+00:00 runtime-worker(ThreadId(4)) [1P:app/op-app/src/app/backend/mycelium/task_management.rs:65] Received a Mycelium channel close request, ignoring request as no task is actively running
ERROR 2026-03-24T02:18:15.938+00:00 runtime-worker(ThreadId(111)) [1P:ffi/op-core-node/src/lib.rs:136] CollectionNotFound
INFO  2026-03-24T02:18:15.941+00:00 runtime-worker(ThreadId(10)) [1P:app/op-app/src/app/backend/lock_screen.rs:107] System unlock is enabled: true
INFO  2026-03-24T02:18:15.941+00:00 runtime-worker(ThreadId(111)) [1P:foundation/op-system-auth/src/lib.rs:344] Biometry is available for 1 or more accounts
INFO  2026-03-24T02:18:15.941+00:00 runtime-worker(ThreadId(7)) [1P:app/op-app/src/app/backend/lock_screen.rs:135] Sys auth status Ready
INFO  2026-03-24T02:18:15.948+00:00 runtime-worker(ThreadId(7)) [1P:app/op-app/src/app/backend/lock_screen.rs:107] System unlock is enabled: true
INFO  2026-03-24T02:18:15.948+00:00 runtime-worker(ThreadId(111)) [1P:foundation/op-system-auth/src/lib.rs:344] Biometry is available for 1 or more accounts
INFO  2026-03-24T02:18:15.948+00:00 runtime-worker(ThreadId(7)) [1P:app/op-app/src/app/backend/lock_screen.rs:864] Attempting to unlock with biometry.
INFO  2026-03-24T02:18:16.105+00:00 runtime-worker(ThreadId(5)) [1P:app/op-app/src/app/backend/lock_screen.rs:107] System unlock is enabled: true
INFO  2026-03-24T02:18:16.105+00:00 runtime-worker(ThreadId(113)) [1P:foundation/op-system-auth/src/lib.rs:344] Biometry is available for 1 or more accounts
INFO  2026-03-24T02:18:16.105+00:00 runtime-worker(ThreadId(7)) [1P:app/op-app/src/app/backend/lock_screen.rs:135] Sys auth status Ready
WARN  2026-03-24T02:31:52.892+00:00 runtime-worker(ThreadId(7)) [1P:data/op-data-cache/src/unlock.rs:105] System unlock failed: SystemAuthError(FailedSystemAuthenticationChallenge)
ERROR 2026-03-24T02:31:54.542+00:00 runtime-worker(ThreadId(111)) [1P:/mnt/ephemeral/builds/dev/core/core/ui/op-main-menu/src/lib.rs:1712] ItemWithPathNotFound(ItemSpecifier { account_uuid: 5TXP3BCPFVDW5J6G5X3FHB2TV4, vault_uuid: tgqc3tfygn7i3n2kql3ztx4bt4, item_uuid: ipgdrv4npfwvfpftpdakbn5yt4 })
INFO  2026-03-24T02:31:54.649+00:00 runtime-worker(ThreadId(7)) [1P:app/op-app/src/app/backend/frontend.rs:22] Front end event: window closed
